<?xml version="1.0" encoding="UTF-8" ?>
<testsuite errors="0" failures="0" hostname="localhost" name="speedith.core.util.SetsTest" tests="64" time="22.748" timestamp="2011-09-29T06:05:56">
  <properties>
    <property name="netbeans.autoupdate.country" value="GB" />
    <property name="profiler.settings.sort.results.by.thread.cpu.time" value="false" />
    <property name="profiler.info.single.file" value="/home/matej/Documents/speedith/devel/Speedith.Core/test/speedith/core/util/SetsTest.java" />
    <property name="javac.test.classpath" value="/usr/share/java/antlr-runtime-3.2.jar:build/classes:/home/matej/.netbeans/7.0/modules/ext/junit-4.8.2.jar" />
    <property name="profiler.settings.profiling.type" value="8" />
    <property name="libs.junit.javadoc" value="/usr/local/netbeans-7.0.1/java/docs/junit-3.8.2-api.zip" />
    <property name="profiler.settings.cpu.quick.filterprofiler.simple.filter.value" value="" />
    <property name="javac.includes" value="speedith/core/util/SetsTest.java" />
    <property name="ant.core.lib" value="/home/matej/.netbeans/7.0/ant/lib/ant.jar" />
    <property name="libs.swing-app-framework.src" value="" />
    <property name="javadoc.windowtitle" value="Speedith Core" />
    <property name="libs.toplink.classpath" value="/home/matej/.netbeans/7.0/modules/ext/toplink/toplink-essentials.jar:/home/matej/.netbeans/7.0/modules/ext/toplink/toplink-essentials-agent.jar" />
    <property name="user.dir" value="/home/matej/Documents/speedith/devel/Speedith.Core" />
    <property name="libs.hibernate-persistence.javadoc" value="" />
    <property name="java.vm.version" value="20.0-b11" />
    <property name="profiler.settings.sampling.interval" value="10" />
    <property name="profiler.session.port.no" value="5140" />
    <property name="libs.MySQLDriver.classpath" value="/home/matej/.netbeans/7.0/modules/ext/mysql-connector-java-5.1.13-bin.jar" />
    <property name="libs.eclipselinkmodelgen.src" value="" />
    <property name="javadoc.notree" value="false" />
    <property name="speedith.grammar" value="src/speedith/core/lang/reader/SpiderDiagrams" />
    <property name="netbeans.autoupdate.version" value="1.23" />
    <property name="libs.hibernate-support.maven-pom" value="" />
    <property name="libs.hibernate-support.javadoc" value="" />
    <property name="antlr3.tool.executable" value="antlr3" />
    <property name="jdk.home" value="/usr/lib/jvm/java" />
    <property name="libs.javac-api.src" value="" />
    <property name="javadoc.noindex" value="false" />
    <property name="sun.os.patch.level" value="unknown" />
    <property name="do.archive+manifest.available" value="true" />
    <property name="profiler.info.oomeprotection" value="yes" />
    <property name="java.vm.specification.name" value="Java Virtual Machine Specification" />
    <property name="nb.show.statistics.ui" value="usageStatisticsEnabled" />
    <property name="netbeans.autoupdate.variant" value="" />
    <property name="have.tests" value="true" />
    <property name="org.xml.sax.driver" value="com.sun.org.apache.xerces.internal.jaxp.SAXParserImpl$JAXPSAXParser" />
    <property name="libs.javac-api.javadoc" value="" />
    <property name="os.name" value="Linux" />
    <property name="libs.ANTLRv3.classpath" value="/usr/share/java/antlr-runtime-3.2.jar" />
    <property name="libs.beans-binding.classpath" value="/home/matej/.netbeans/7.0/modules/ext/beansbinding-1.2.1.jar" />
    <property name="libs.JWSAntTasks.maven-pom" value="" />
    <property name="jnlp.signing.keystore" value="" />
    <property name="profiler.info.javaPlatform" value="default_platform" />
    <property name="profiler.settings.profilingpoints.enabled" value="true" />
    <property name="java.vendor.url.bug" value="http://java.sun.com/cgi-bin/bugreport.cgi" />
    <property name="profiler.settings.instr.scheme" value="3" />
    <property name="libs.jaxb.maven-pom" value="" />
    <property name="profiler.info.project.dir" value="/home/matej/Documents/speedith/devel/Speedith.Core" />
    <property name="os.arch" value="i386" />
    <property name="libs.eclipselink.src" value="" />
    <property name="user.name" value="matej" />
    <property name="manifest.available+main.class" value="true" />
    <property name="libs.swing-layout.maven-pom" value="" />
    <property name="sun.java.command" value="org.apache.tools.ant.taskdefs.optional.junit.JUnitTestRunner speedith.core.util.SetsTest filtertrace=true haltOnError=false haltOnFailure=false showoutput=true outputtoformatters=true logfailedtests=true logtestlistenerevents=true formatter=org.apache.tools.ant.taskdefs.optional.junit.BriefJUnitResultFormatter formatter=org.apache.tools.ant.taskdefs.optional.junit.XMLJUnitResultFormatter,/home/matej/Documents/speedith/devel/Speedith.Core/TEST-speedith.core.util.SetsTest.xml crashfile=/home/matej/Documents/speedith/devel/Speedith.Core/junitvmwatcher7356993633721700825.properties propsfile=/home/matej/Documents/speedith/devel/Speedith.Core/junit7955692194945425473.properties" />
    <property name="build.classes.dir" value="build/classes" />
    <property name="netbeans.accept_license_class" value="org.netbeans.license.AcceptLicense" />
    <property name="jnlp.descriptor" value="application" />
    <property name="build.sysclasspath" value="ignore" />
    <property name="libs.jaxws21.javadoc" value="/home/matej/.netbeans/7.0/docs/jaxws-api-doc.zip" />
    <property name="includes" value="**" />
    <property name="user.country" value="GB" />
    <property name="ant.file.Speedith.Core-impl" value="/home/matej/Documents/speedith/devel/Speedith.Core/nbproject/build-impl.xml" />
    <property name="manifest.file" value="manifest.mf" />
    <property name="javadoc.encoding" value="UTF-8" />
    <property name="javac.classpath" value="/usr/share/java/antlr-runtime-3.2.jar" />
    <property name="debug-transport" value="dt_socket" />
    <property name="netbeans.system_http_non_proxy_hosts" value="" />
    <property name="netbeans.home" value="/usr/local/netbeans-7.0.1/platform" />
    <property name="build.compiler.emacs" value="true" />
    <property name="libs.ejb3-persistence.src" value="" />
    <property name="java.endorsed.dirs" value="/usr/lib/jvm/java-1.6.0-openjdk-1.6.0.0/jre/lib/endorsed" />
    <property name="netbeans.dynamic.classpath" value="/home/matej/.netbeans/7.0/core/org-openide-filesystems.jar:/home/matej/.netbeans/7.0/core/core.jar:/home/matej/.netbeans/7.0/core/org-netbeans-upgrader.jar:/home/matej/.netbeans/7.0/core/locale/org-openide-filesystems_ru.jar:/home/matej/.netbeans/7.0/core/locale/org-netbeans-upgrader_pt_BR.jar:/home/matej/.netbeans/7.0/core/locale/core_ru.jar:/home/matej/.netbeans/7.0/core/locale/org-netbeans-upgrader_ja.jar:/home/matej/.netbeans/7.0/core/locale/org-openide-filesystems_zh_CN.jar:/home/matej/.netbeans/7.0/core/locale/org-openide-filesystems_ja.jar:/home/matej/.netbeans/7.0/core/locale/org-netbeans-upgrader_zh_CN.jar:/home/matej/.netbeans/7.0/core/locale/core_ja.jar:/home/matej/.netbeans/7.0/core/locale/core_pt_BR.jar:/home/matej/.netbeans/7.0/core/locale/core_nb.jar:/home/matej/.netbeans/7.0/core/locale/core_nb_pt_BR.jar:/home/matej/.netbeans/7.0/core/locale/org-openide-filesystems_pt_BR.jar:/home/matej/.netbeans/7.0/core/locale/core_nb_ru.jar:/home/matej/.netbeans/7.0/core/locale/core_nb_ja.jar:/home/matej/.netbeans/7.0/core/locale/core_nb_zh_CN.jar:/home/matej/.netbeans/7.0/core/locale/core_zh_CN.jar:/home/matej/.netbeans/7.0/core/locale/org-netbeans-upgrader_ru.jar" />
    <property name="jnlp.enabled" value="false" />
    <property name="profiler.settings.instrumentation.filter.selectedprofiler.simple.filter.type" value="2" />
    <property name="java.vm.specification.version" value="1.0" />
    <property name="libs.hibernate-persistence.classpath" value="/home/matej/.netbeans/7.0/modules/ext/hibernate/antlr-2.7.6.jar:/home/matej/.netbeans/7.0/modules/ext/hibernate/asm.jar:/home/matej/.netbeans/7.0/modules/ext/hibernate/asm-attrs.jar:/home/matej/.netbeans/7.0/modules/ext/hibernate/cglib-2.1.3.jar:/home/matej/.netbeans/7.0/modules/ext/hibernate/commons-collections-2.1.1.jar:/home/matej/.netbeans/7.0/modules/ext/commons-logging-1.1.jar:/home/matej/.netbeans/7.0/modules/ext/hibernate/dom4j-1.6.1.jar:/home/matej/.netbeans/7.0/modules/ext/hibernate/ehcache-1.2.3.jar:/home/matej/.netbeans/7.0/modules/ext/hibernate/jdbc2_0-stdext.jar:/home/matej/.netbeans/7.0/modules/ext/hibernate/jta.jar:/home/matej/.netbeans/7.0/modules/ext/hibernate/hibernate3.jar:/home/matej/.netbeans/7.0/modules/ext/hibernate/hibernate-tools.jar:/home/matej/.netbeans/7.0/modules/ext/hibernate/hibernate-annotations.jar:/home/matej/.netbeans/7.0/modules/ext/hibernate/hibernate-commons-annotations.jar:/home/matej/.netbeans/7.0/modules/ext/hibernate/hibernate-entitymanager.jar:/home/matej/.netbeans/7.0/modules/ext/hibernate/javassist.jar:/home/matej/.netbeans/7.0/modules/ext/hibernate/ejb3-persistence.jar" />
    <property name="libs.jaxws21.src" value="" />
    <property name="application.title" value="Speedith.Core" />
    <property name="do.archive" value="true" />
    <property name="libs.swing-app-framework.classpath" value="/home/matej/.netbeans/7.0/modules/ext/appframework-1.0.3.jar:/home/matej/.netbeans/7.0/modules/ext/swing-worker-1.1.jar" />
    <property name="netbeans.autoupdate.language" value="en" />
    <property name="profiler.settings.override.jvm.args" value="" />
    <property name="java.vendor" value="Sun Microsystems Inc." />
    <property name="jar.index.metainf" value="false" />
    <property name="javac.debug" value="true" />
    <property name="javadoc.splitindex" value="true" />
    <property name="file.separator" value="/" />
    <property name="javac.includesfile.binary" value="/home/matej/Documents/speedith/devel/Speedith.Core/null432828923" />
    <property name="libs.junit_4.maven-pom" value="" />
    <property name="mkdist.disabled" value="false" />
    <property name="javac.test.processorpath" value="/usr/share/java/antlr-runtime-3.2.jar:build/classes:/home/matej/.netbeans/7.0/modules/ext/junit-4.8.2.jar" />
    <property name="netbeans.buildnumber" value="201107282000" />
    <property name="libs.JWSAntTasks.javadoc" value="" />
    <property name="javax.accessibility.assistive_technologies" value="org.GNOME.Accessibility.JavaBridge" />
    <property name="build.generated.sources.dir" value="build/generated-sources" />
    <property name="libs.eclipselinkmodelgen.classpath" value="/home/matej/.netbeans/7.0/modules/ext/eclipselink/eclipselink-jpa-modelgen-2.2.0.jar" />
    <property name="sun.java.launcher" value="SUN_STANDARD" />
    <property name="libs.junit.classpath" value="/usr/local/netbeans-7.0.1/java/modules/ext/junit-3.8.2.jar" />
    <property name="profiler.settings.obj.alloc.stack.sampling.interval" value="10" />
    <property name="libs.jaxb.javadoc" value="/home/matej/.netbeans/7.0/docs/jaxb-api-doc.zip" />
    <property name="profiler.settings.cpu.quick.filterprofiler.filter.type" value="profiler.simple.filter" />
    <property name="org.openide.awt.SwingBrowserImpl.do-not-block-awt" value="false" />
    <property name="javac.includes.binary" value="/home/matej/Documents/speedith/devel/Speedith.Core/build/test/classes/speedith/core/util/SetsTest.class" />
    <property name="ant.home" value="/home/matej/.netbeans/7.0/ant" />
    <property name="libs.junit_4.src" value="/usr/local/netbeans-7.0.1/java/docs/junit-4.8.2-src.jar" />
    <property name="ant.file.type.Speedith.Core-impl" value="file" />
    <property name="libs.absolutelayout.maven-pom" value="" />
    <property name="ant.java.version" value="1.6" />
    <property name="java.library.path" value="/usr/lib/jvm/java-1.6.0-openjdk-1.6.0.0/jre/lib/i386/server:/usr/lib/jvm/java-1.6.0-openjdk-1.6.0.0/jre/lib/i386:/usr/lib/jvm/java-1.6.0-openjdk-1.6.0.0/jre/../lib/i386:/usr/lib/jvm/java-1.6.0-openjdk-1.6.0.0/jre/lib/i386/client:/usr/lib/jvm/java-1.6.0-openjdk-1.6.0.0/jre/lib/i386:/usr/lib/jvm/java-1.6.0-openjdk-1.6.0.0/jre/../lib/i386:/usr/java/packages/lib/i386:/lib:/usr/lib" />
    <property name="javadoc.author" value="false" />
    <property name="profiler.settings.run.gc.on.get.results.in.memory.profiling" value="true" />
    <property name="manifest.available+main.class-mkdist.available" value="true" />
    <property name="ant.file.Speedith.Core" value="/home/matej/Documents/speedith/devel/Speedith.Core/build.xml" />
    <property name="java.util.logging.config.class" value="org.netbeans.core.startup.TopLogging" />
    <property name="profiler.settings.instrumentation.filter.selectedprofiler.simple.filter.value" value="speedith.core.util. speedith.core.lang. speedith.core.lang.reader. speedith.core.lang.export. speedith.core.i18n. speedith.core.reasoning. speedith.core.reasoning.args. speedith.core.reasoning.rules." />
    <property name="libs.PostgreSQLDriver.src" value="" />
    <property name="sun.arch.data.model" value="32" />
    <property name="profiler.session.jvm.args" value="" />
    <property name="basedir" value="/home/matej/Documents/speedith/devel/Speedith.Core" />
    <property name="jar.compress" value="false" />
    <property name="path.separator" value=":" />
    <property name="ant.junit.enabletestlistenerevents" value="true" />
    <property name="sun.io.unicode.encoding" value="UnicodeLittle" />
    <property name="libs.jaxws21.classpath" value="/home/matej/.netbeans/7.0/modules/ext/jaxb/jaxb-impl.jar:/home/matej/.netbeans/7.0/modules/ext/jaxb/jaxb-xjc.jar:/home/matej/.netbeans/7.0/modules/ext/jaxws22/FastInfoset.jar:/home/matej/.netbeans/7.0/modules/ext/jaxws22/gmbal-api-only.jar:/home/matej/.netbeans/7.0/modules/ext/jaxws22/http.jar:/home/matej/.netbeans/7.0/modules/ext/jaxws22/jaxws-rt.jar:/home/matej/.netbeans/7.0/modules/ext/jaxws22/jaxws-tools.jar:/home/matej/.netbeans/7.0/modules/ext/jaxws22/management-api.jar:/home/matej/.netbeans/7.0/modules/ext/jaxws22/mimepull.jar:/home/matej/.netbeans/7.0/modules/ext/jaxws22/policy.jar:/home/matej/.netbeans/7.0/modules/ext/jaxws22/saaj-impl.jar:/home/matej/.netbeans/7.0/modules/ext/jaxws22/stax-ex.jar:/home/matej/.netbeans/7.0/modules/ext/jaxws22/streambuffer.jar:/home/matej/.netbeans/7.0/modules/ext/jaxws22/woodstox.jar:/home/matej/.netbeans/7.0/modules/ext/jaxws22/api/jaxws-api.jar:/home/matej/.netbeans/7.0/modules/ext/jaxws22/api/jsr181-api.jar:/home/matej/.netbeans/7.0/modules/ext/jaxws22/api/jsr250-api.jar:/home/matej/.netbeans/7.0/modules/ext/jaxws22/api/saaj-api.jar:/home/matej/.netbeans/7.0/modules/ext/jaxb/activation.jar:/home/matej/.netbeans/7.0/modules/ext/jaxb/api/jaxb-api.jar:/home/matej/.netbeans/7.0/modules/ext/jaxb/api/jsr173_api.jar" />
    <property name="compile.on.save" value="false" />
    <property name="apple.awt.graphics.UseQuartz" value="true" />
    <property name="user.language" value="en" />
    <property name="libs.spring-framework.classpath" value="/home/matej/.netbeans/7.0/modules/ext/commons-logging-1.1.jar:/home/matej/.netbeans/7.0/modules/ext/cglib-2.2.jar:/home/matej/.netbeans/7.0/modules/ext/spring/spring-2.5.6.SEC01.jar" />
    <property name="profiler.settings.instrumentation.filter.selectedprofiler.filter.type" value="profiler.simple.filter" />
    <property name="libs.eclipselink.maven-pom" value="" />
    <property name="profiler.info.oomeprotection.dumppath" value="/home/matej/Documents/speedith/devel/Speedith.Core/nbproject/private/profiler" />
    <property name="application.vendor" value="matej" />
    <property name="profiler.settings.thread.cpu.timer.on" value="false" />
    <property name="manifest.available" value="true" />
    <property name="libs.spring-framework300.maven-pom" value="" />
    <property name="run.test.classpath" value="/usr/share/java/antlr-runtime-3.2.jar:build/classes:/home/matej/.netbeans/7.0/modules/ext/junit-4.8.2.jar:build/test/classes" />
    <property name="ant.project.invoked-targets" value="profile-test-single" />
    <property name="libs.swing-layout.javadoc" value="/home/matej/.netbeans/7.0/docs/swing-layout-1.0.4-doc.zip" />
    <property name="libs.swing-app-framework.javadoc" value="/home/matej/.netbeans/7.0/docs/appframework-1.0.3-doc.zip" />
    <property name="libs.ejb3-persistence.maven-pom" value="" />
    <property name="libs.PostgreSQLDriver.maven-pom" value="" />
    <property name="java.class.version" value="50.0" />
    <property name="profiler.settings.instrumentation.root.methods.size" value="1" />
    <property name="netbeans.system_http_proxy" value="DIRECT" />
    <property name="libs.eclipselink.javadoc" value="" />
    <property name="user.properties.file" value="/home/matej/.netbeans/7.0/build.properties" />
    <property name="profiler.settings.instrumentation.marker.methods.size" value="0" />
    <property name="runtime.encoding" value="UTF-8" />
    <property name="profiler.settings.istrumentation.root.methods-0" value="speedith.core.util.SetsTest,&lt;all&gt;," />
    <property name="libs.spring-framework.src" value="" />
    <property name="libs.javac-api.maven-pom" value="" />
    <property name="file.encoding.pkg" value="sun.io" />
    <property name="sun.cpu.endian" value="little" />
    <property name="libs.JWSAntTasks.classpath" value="/home/matej/.netbeans/7.0/ant/extra/org-netbeans-modules-javawebstart-anttasks.jar" />
    <property name="libs.spring-framework300.src" value="" />
    <property name="empty.dir" value="/home/matej/Documents/speedith/devel/Speedith.Core/build/empty" />
    <property name="version-output" value="java version &quot;1.6" />
    <property name="javadoc.preview" value="true" />
    <property name="nbplatform.default.harness.dir" value="/usr/local/netbeans-7.0.1/harness" />
    <property name="java.home" value="/usr/lib/jvm/java-1.6.0-openjdk-1.6.0.0/jre" />
    <property name="debug.test.classpath" value="/usr/share/java/antlr-runtime-3.2.jar:build/classes:/home/matej/.netbeans/7.0/modules/ext/junit-4.8.2.jar:build/test/classes" />
    <property name="netbeans.importclass" value="org.netbeans.upgrade.AutoUpgrade" />
    <property name="ant.project.default-target" value="default" />
    <property name="annotation.processing.run.all.processors" value="true" />
    <property name="libs.toplink.maven-pom" value="" />
    <property name="jar.archive.disabled" value="false" />
    <property name="jnlp.signing.alias" value="" />
    <property name="libs.PostgreSQLDriver.javadoc" value="" />
    <property name="profiler.settings.instrumentation.filter.selectedprofiler.simple.filter.name" value="Profile only project classes" />
    <property name="libs.MySQLDriver.maven-pom" value="" />
    <property name="libs.JakartaCLI.classpath" value="/usr/share/java/apache-commons-cli.jar" />
    <property name="libs.junit_4.javadoc" value="/usr/local/netbeans-7.0.1/java/docs/junit-4.8.2-api.zip" />
    <property name="libs.toplink.src" value="" />
    <property name="profiler.settigns.ispreset" value="true" />
    <property name="profile.class" value="speedith.core.util.SetsTest" />
    <property name="run.classpath" value="/usr/share/java/antlr-runtime-3.2.jar:build/classes" />
    <property name="libs.hibernate-support.src" value="" />
    <property name="profiler.settings.cpu.exclude.wait.time" value="true" />
    <property name="profiler.settings.override" value="false" />
    <property name="annotation.processing.enabled.in.editor" value="false" />
    <property name="profiler.settings.cpu.quick.filterprofiler.simple.filter.type" value="1" />
    <property name="libs.ANTLRv3.javadoc" value="" />
    <property name="profiler.session.args" value="" />
    <property name="sun.management.compiler" value="HotSpot Tiered Compilers" />
    <property name="javac.deprecation" value="false" />
    <property name="javadoc.use" value="true" />
    <property name="sun.java2d.noddraw" value="true" />
    <property name="javac.processorpath" value="/usr/share/java/antlr-runtime-3.2.jar" />
    <property name="javac.compilerargs" value="-Xlint:unchecked" />
    <property name="ant.file" value="/home/matej/Documents/speedith/devel/Speedith.Core/build.xml" />
    <property name="libs.ANTLRv3.maven-pom" value="" />
    <property name="libs.beans-binding.maven-pom" value="" />
    <property name="libs.JakartaCLI.javadoc" value="/usr/share/javadoc/apache-commons-cli" />
    <property name="jnlp.codebase.type" value="no.codebase" />
    <property name="sun.awt.exception.handler" value="org.netbeans.core.startup.TopLogging$AWTHandler" />
    <property name="libs.beans-binding.src" value="" />
    <property name="java.vm.specification.vendor" value="Sun Microsystems Inc." />
    <property name="libs.swing-layout.src" value="/home/matej/.netbeans/7.0/docs/swing-layout-1.0.4-src.zip" />
    <property name="org.openide.major.version" value="IDE/1" />
    <property name="java.vm.name" value="OpenJDK Server VM" />
    <property name="netbeans.user" value="/home/matej/.netbeans/7.0" />
    <property name="javadoc.additionalparam" value="" />
    <property name="profiler.session.java.architecture" value="32" />
    <property name="jnlp.offline-allowed" value="false" />
    <property name="java.io.tmpdir" value="/tmp" />
    <property name="java.vendor.url" value="http://java.sun.com/" />
    <property name="endorsed.classpath.cmd.line.arg" value="" />
    <property name="profiler.settings.instrument.spawned.threads" value="false" />
    <property name="sun.boot.library.path" value="/usr/lib/jvm/java-1.6.0-openjdk-1.6.0.0/jre/lib/i386" />
    <property name="have.sources" value="true" />
    <property name="debug.classpath" value="/usr/share/java/antlr-runtime-3.2.jar:build/classes" />
    <property name="javadoc.private" value="false" />
    <property name="test.src.dir" value="test" />
    <property name="meta.inf.dir" value="src/META-INF" />
    <property name="javadoc.encoding.used" value="UTF-8" />
    <property name="dist.jar" value="dist/Speedith.Core.jar" />
    <property name="profiler.settings.code.region.cpu.res.buf.size" value="1000" />
    <property name="java.runtime.name" value="OpenJDK Runtime Environment" />
    <property name="profiler.info.jvmargs" value=" -XX:+HeapDumpOnOutOfMemoryError -XX:HeapDumpPath=/home/matej/Documents/speedith/devel/Speedith.Core/nbproject/private/profiler " />
    <property name="ant.project.name" value="Speedith.Core" />
    <property name="netbeans.hash.code" value="unique=NB_JAVA00995c805-b8b2-4dac-9bd3-e089c95c67f7_c2989143-80f9-4e71-a838-4c0a19ce5e1c" />
    <property name="nbplatform.default.label" value="NetBeans IDE 7.0.1 (Build 201107282000)" />
    <property name="manifest.available-mkdist.available" value="true" />
    <property name="sun.cpu.isalist" value="" />
    <property name="libs.CopyLibs.javadoc" value="" />
    <property name="profiler.settings.n.profiled.threads.limit" value="32" />
    <property name="org.openide.specification.version" value="6.2" />
    <property name="libs.hibernate-support.classpath" value="/home/matej/.netbeans/7.0/modules/ext/hibernate/antlr-2.7.6.jar:/home/matej/.netbeans/7.0/modules/ext/hibernate/asm.jar:/home/matej/.netbeans/7.0/modules/ext/hibernate/asm-attrs.jar:/home/matej/.netbeans/7.0/modules/ext/hibernate/cglib-2.1.3.jar:/home/matej/.netbeans/7.0/modules/ext/hibernate/commons-collections-2.1.1.jar:/home/matej/.netbeans/7.0/modules/ext/commons-logging-1.1.jar:/home/matej/.netbeans/7.0/modules/ext/hibernate/dom4j-1.6.1.jar:/home/matej/.netbeans/7.0/modules/ext/hibernate/ehcache-1.2.3.jar:/home/matej/.netbeans/7.0/modules/ext/hibernate/jdbc2_0-stdext.jar:/home/matej/.netbeans/7.0/modules/ext/hibernate/jta.jar:/home/matej/.netbeans/7.0/modules/ext/hibernate/hibernate3.jar:/home/matej/.netbeans/7.0/modules/ext/hibernate/hibernate-tools.jar:/home/matej/.netbeans/7.0/modules/ext/hibernate/hibernate-annotations.jar:/home/matej/.netbeans/7.0/modules/ext/hibernate/hibernate-commons-annotations.jar:/home/matej/.netbeans/7.0/modules/ext/hibernate/hibernate-entitymanager.jar:/home/matej/.netbeans/7.0/modules/ext/hibernate/javassist.jar" />
    <property name="user.home" value="/home/matej" />
    <property name="annotation.processing.processors.list" value="" />
    <property name="debug-args-line" value="-Xdebug" />
    <property name="libs.JWSAntTasks.src" value="" />
    <property name="jar.index" value="false" />
    <property name="libs.CopyLibs.maven-pom" value="" />
    <property name="libs.spring-framework300.javadoc" value="" />
    <property name="libs.hibernate-persistence.maven-pom" value="" />
    <property name="libs.absolutelayout.javadoc" value="" />
    <property name="java.specification.name" value="Java Platform API Specification" />
    <property name="libs.swing-app-framework.maven-pom" value="" />
    <property name="do.archive+main.class.available" value="true" />
    <property name="profiler.settings.threads.monitoring.enabled" value="false" />
    <property name="jnlp.mixed.code" value="default" />
    <property name="java.specification.vendor" value="Sun Microsystems Inc." />
    <property name="libs.javac-api.classpath" value="/home/matej/.netbeans/7.0/modules/ext/javac-api-nb-7.0-b07.jar" />
    <property name="java.version" value="1.6.0_22" />
    <property name="javadoc.version" value="false" />
    <property name="libs.MySQLDriver.javadoc" value="" />
    <property name="org.openide.version" value="deprecated" />
    <property name="source.encoding" value="UTF-8" />
    <property name="ap.cmd.line.internal" value="" />
    <property name="libs.eclipselinkmodelgen.maven-pom" value="" />
    <property name="libs.junit.maven-pom" value="" />
    <property name="libs.eclipselinkmodelgen.javadoc" value="" />
    <property name="netbeans.home+have.tests" value="true" />
    <property name="profiler.info.jvm" value="/usr/lib/jvm/java/bin/java" />
    <property name="annotation.processing.processor.options" value="" />
    <property name="libs.jaxb.src" value="" />
    <property name="work.dir" value="/home/matej/Documents/speedith/devel/Speedith.Core" />
    <property name="libs.jaxb.classpath" value="/home/matej/.netbeans/7.0/modules/ext/jaxb/jaxb-impl.jar:/home/matej/.netbeans/7.0/modules/ext/jaxb/jaxb-xjc.jar:/home/matej/.netbeans/7.0/modules/ext/jaxb/jaxb1-impl.jar:/home/matej/.netbeans/7.0/modules/ext/jaxb/activation.jar:/home/matej/.netbeans/7.0/modules/ext/jaxb/api/jaxb-api.jar:/home/matej/.netbeans/7.0/modules/ext/jaxb/api/jsr173_api.jar" />
    <property name="php.global.include.path" value="" />
    <property name="do.depend" value="false" />
    <property name="dist.javadoc.dir" value="dist/javadoc" />
    <property name="libs.swing-layout.classpath" value="/home/matej/.netbeans/7.0/modules/ext/swing-layout-1.0.4.jar" />
    <property name="build.generated.dir" value="build/generated" />
    <property name="javac.source" value="1.5" />
    <property name="profiler.info.dir" value="/home/matej/Documents/speedith/devel/Speedith.Core" />
    <property name="libs.hibernate-persistence.src" value="" />
    <property name="line.separator" value="&#xa;" />
    <property name="profiler.session.working.dir" value="/home/matej" />
    <property name="java.specification.version" value="1.6" />
    <property name="profiler.settings.cpu.quick.filterprofiler.simple.filter.name" value="Quick filter..." />
    <property name="libs.jaxws21.maven-pom" value="" />
    <property name="java.vm.info" value="mixed mode" />
    <property name="libs.spring-framework.maven-pom" value="" />
    <property name="sun.boot.class.path" value="/usr/lib/jvm/java-1.6.0-openjdk-1.6.0.0/jre/lib/resources.jar:/usr/lib/jvm/java-1.6.0-openjdk-1.6.0.0/jre/lib/rt.jar:/usr/lib/jvm/java-1.6.0-openjdk-1.6.0.0/jre/lib/sunrsasign.jar:/usr/lib/jvm/java-1.6.0-openjdk-1.6.0.0/jre/lib/jsse.jar:/usr/lib/jvm/java-1.6.0-openjdk-1.6.0.0/jre/lib/jce.jar:/usr/lib/jvm/java-1.6.0-openjdk-1.6.0.0/jre/lib/charsets.jar:/usr/lib/jvm/java-1.6.0-openjdk-1.6.0.0/jre/lib/netx.jar:/usr/lib/jvm/java-1.6.0-openjdk-1.6.0.0/jre/lib/plugin.jar:/usr/lib/jvm/java-1.6.0-openjdk-1.6.0.0/jre/lib/rhino.jar:/usr/lib/jvm/java-1.6.0-openjdk-1.6.0.0/jre/lib/modules/jdk.boot.jar:/usr/lib/jvm/java-1.6.0-openjdk-1.6.0.0/jre/classes:/home/matej/.netbeans/7.0/lib/jfluid-server.jar:/home/matej/.netbeans/7.0/lib/jfluid-server-15.jar" />
    <property name="javac.target" value="1.5" />
    <property name="built-jar.properties" value="/home/matej/Documents/speedith/devel/Speedith.Core/build/built-jar.properties" />
    <property name="build.test.classes.dir" value="build/test/classes" />
    <property name="src.dir" value="src" />
    <property name="annotation.processing.enabled" value="true" />
    <property name="profiler.settings.instrument.method.invoke" value="true" />
    <property name="nbplatform.default.netbeans.dest.dir" value="/usr/local/netbeans-7.0.1" />
    <property name="profiler.settings.override.working.dir" value="" />
    <property name="dist.dir" value="dist" />
    <property name="profiler.settings.istrument.getter.setter.methods" value="false" />
    <property name="do.archive+manifest.available+main.class" value="true" />
    <property name="profiler.session.class.name" value="speedith.core.lang.export.Isabelle2011ExportProvider" />
    <property name="profiler.settings.profile.underlying.framework" value="false" />
    <property name="javac.fork" value="false" />
    <property name="ant.file.type.Speedith.Core" value="file" />
    <property name="java.awt.printerjob" value="sun.print.PSPrinterJob" />
    <property name="default.javac.source" value="1.6" />
    <property name="profiler.session.java.version" value="jdk16" />
    <property name="libs.ANTLRv3.src" value="" />
    <property name="debug-transport-by-os" value="dt_socket" />
    <property name="sun.jnu.encoding" value="UTF-8" />
    <property name="libs.MySQLDriver.src" value="" />
    <property name="profiler.settings.obj.alloc.stack.sampling.depth" value="0" />
    <property name="build.test.results.dir" value="build/test/results" />
    <property name="java.runtime.version" value="1.6.0_22-b22" />
    <property name="libs.ejb3-persistence.javadoc" value="" />
    <property name="jna.platform.library.path" value="/usr/lib:/lib" />
    <property name="manifest.available+main.class+mkdist.available" value="true" />
    <property name="profiler.session.class.path" value="/usr/share/java/antlr-runtime-3.2.jar:build/classes" />
    <property name="default.javac.target" value="1.6" />
    <property name="libs.junit_4.classpath" value="/home/matej/.netbeans/7.0/modules/ext/junit-4.8.2.jar" />
    <property name="user.timezone" value="GB" />
    <property name="do.jar" value="true" />
    <property name="netbeans.dirs" value="/usr/local/netbeans-7.0.1/nb:/usr/local/netbeans-7.0.1/bin/../ergonomics:/usr/local/netbeans-7.0.1/ide:/usr/local/netbeans-7.0.1/java:/usr/local/netbeans-7.0.1/bin/../xml:/usr/local/netbeans-7.0.1/apisupport:/usr/local/netbeans-7.0.1/bin/../webcommon:/usr/local/netbeans-7.0.1/websvccommon:/usr/local/netbeans-7.0.1/bin/../enterprise:/usr/local/netbeans-7.0.1/bin/../mobility:/usr/local/netbeans-7.0.1/profiler:/usr/local/netbeans-7.0.1/ruby:/usr/local/netbeans-7.0.1/bin/../python:/usr/local/netbeans-7.0.1/bin/../php:/usr/local/netbeans-7.0.1/bin/../visualweb:/usr/local/netbeans-7.0.1/bin/../soa:/usr/local/netbeans-7.0.1/bin/../identity:/usr/local/netbeans-7.0.1/bin/../uml:/usr/local/netbeans-7.0.1/harness:/usr/local/netbeans-7.0.1/bin/../cnd:/usr/local/netbeans-7.0.1/bin/../dlight:/usr/local/netbeans-7.0.1/bin/../groovy:/usr/local/netbeans-7.0.1/bin/../extra:/usr/local/netbeans-7.0.1/bin/../javafx:/usr/local/netbeans-7.0.1/bin/../javacard:" />
    <property name="java.ext.dirs" value="/usr/lib/jvm/java-1.6.0-openjdk-1.6.0.0/jre/lib/ext:/usr/java/packages/lib/ext" />
    <property name="endorsed.classpath" value="" />
    <property name="libs.absolutelayout.classpath" value="/home/matej/.netbeans/7.0/modules/ext/AbsoluteLayout.jar" />
    <property name="excludes" value="" />
    <property name="apple.laf.useScreenMenuBar" value="true" />
    <property name="java.class.path" value="/usr/share/java/antlr-runtime-3.2.jar:/home/matej/Documents/speedith/devel/Speedith.Core/build/classes:/home/matej/.netbeans/7.0/modules/ext/junit-4.8.2.jar:/home/matej/Documents/speedith/devel/Speedith.Core/build/test/classes:/home/matej/.netbeans/7.0/ant/lib/ant-launcher.jar:/home/matej/.netbeans/7.0/ant/lib/ant.jar:/home/matej/.netbeans/7.0/ant/lib/ant-junit.jar:/home/matej/.netbeans/7.0/ant/lib/ant-junit4.jar" />
    <property name="do.mkdist" value="true" />
    <property name="libs.absolutelayout.src" value="" />
    <property name="libs.JakartaCLI.maven-pom" value="" />
    <property name="profiler.settings.instrument.empty.methods" value="false" />
    <property name="os.version" value="2.6.40.3-0.fc15.i686" />
    <property name="application.args" value="" />
    <property name="profiler.settings.threads.sampling.enabled" value="true" />
    <property name="main.class.available" value="true" />
    <property name="profiler.session.java.executable" value="/usr/lib/jvm/java/bin/java" />
    <property name="libs.toplink.javadoc" value="" />
    <property name="sun.desktop" value="gnome" />
    <property name="libs.JakartaCLI.src" value="" />
    <property name="libs.eclipselink.classpath" value="/home/matej/.netbeans/7.0/modules/ext/eclipselink/eclipselink-2.2.0.jar:/home/matej/.netbeans/7.0/modules/ext/eclipselink/eclipselink-javax.persistence-2.0.jar" />
    <property name="profiler.settings.settings.name" value="Analyze Performance" />
    <property name="libs.beans-binding.javadoc" value="/home/matej/.netbeans/7.0/docs/beansbinding-1.2.1-doc.zip" />
    <property name="java.awt.graphicsenv" value="sun.awt.X11GraphicsEnvironment" />
    <property name="profiler.info.jvmargs.agent" value="-agentpath:/home/matej/.netbeans/7.0/lib/deployed/jdk16/linux/libprofilerinterface.so=/home/matej/.netbeans/7.0/lib,5140,10" />
    <property name="java.vm.vendor" value="Sun Microsystems Inc." />
    <property name="libs.CopyLibs.classpath" value="/home/matej/.netbeans/7.0/ant/extra/org-netbeans-modules-java-j2seproject-copylibstask.jar" />
    <property name="libs.spring-framework300.classpath" value="/home/matej/.netbeans/7.0/modules/ext/commons-logging-1.1.jar:/home/matej/.netbeans/7.0/modules/ext/cglib-2.2.jar:/home/matej/.netbeans/7.0/modules/ext/spring-3.0/spring-aop-3.0.2.RELEASE.jar:/home/matej/.netbeans/7.0/modules/ext/spring-3.0/spring-asm-3.0.2.RELEASE.jar:/home/matej/.netbeans/7.0/modules/ext/spring-3.0/spring-aspects-3.0.2.RELEASE.jar:/home/matej/.netbeans/7.0/modules/ext/spring-3.0/spring-beans-3.0.2.RELEASE.jar:/home/matej/.netbeans/7.0/modules/ext/spring-3.0/spring-context-3.0.2.RELEASE.jar:/home/matej/.netbeans/7.0/modules/ext/spring-3.0/spring-context-support-3.0.2.RELEASE.jar:/home/matej/.netbeans/7.0/modules/ext/spring-3.0/spring-core-3.0.2.RELEASE.jar:/home/matej/.netbeans/7.0/modules/ext/spring-3.0/spring-expression-3.0.2.RELEASE.jar:/home/matej/.netbeans/7.0/modules/ext/spring-3.0/spring-instrument-3.0.2.RELEASE.jar:/home/matej/.netbeans/7.0/modules/ext/spring-3.0/spring-instrument-tomcat-3.0.2.RELEASE.jar:/home/matej/.netbeans/7.0/modules/ext/spring-3.0/spring-jdbc-3.0.2.RELEASE.jar:/home/matej/.netbeans/7.0/modules/ext/spring-3.0/spring-jms-3.0.2.RELEASE.jar:/home/matej/.netbeans/7.0/modules/ext/spring-3.0/spring-orm-3.0.2.RELEASE.jar:/home/matej/.netbeans/7.0/modules/ext/spring-3.0/spring-oxm-3.0.2.RELEASE.jar:/home/matej/.netbeans/7.0/modules/ext/spring-3.0/spring-test-3.0.2.RELEASE.jar:/home/matej/.netbeans/7.0/modules/ext/spring-3.0/spring-tx-3.0.2.RELEASE.jar:/home/matej/.netbeans/7.0/modules/ext/spring-3.0/spring-web-3.0.2.RELEASE.jar:/home/matej/.netbeans/7.0/modules/ext/spring-3.0/spring-webmvc-portlet-3.0.2.RELEASE.jar:/home/matej/.netbeans/7.0/modules/ext/spring-3.0/spring-webmvc-3.0.2.RELEASE.jar:/home/matej/.netbeans/7.0/modules/ext/spring-3.0/spring-struts-3.0.2.RELEASE.jar" />
    <property name="run.jvmargs" value="" />
    <property name="libs.ejb3-persistence.classpath" value="/home/matej/.netbeans/7.0/modules/ext/hibernate/ejb3-persistence.jar" />
    <property name="libs.spring-framework.javadoc" value="" />
    <property name="libs.PostgreSQLDriver.classpath" value="/home/matej/.netbeans/7.0/modules/ext/postgresql-8.3-603.jdbc3.jar" />
    <property name="jnlp.signing" value="" />
    <property name="libs.junit.src" value="" />
    <property name="annotation.processing.source.output" value="build/generated-sources/ap-source-output" />
    <property name="jnlp.signed" value="false" />
    <property name="main.class" value="speedith.core.lang.export.Isabelle2011ExportProvider" />
    <property name="libs.CopyLibs.src" value="" />
    <property name="build.dir" value="build" />
    <property name="ant.version" value="Apache Ant(TM) version 1.8.2 compiled on December 20 2010" />
    <property name="file.encoding" value="UTF-8" />
    <property name="build.classes.excludes" value="**/*.java,**/*.form" />
    <property name="jdkBug6558476" value="false" />
    <property name="javadoc.nonavbar" value="false" />
    <property name="platform.active" value="default_platform" />
    <property name="profiler.settings.cpu.profiling.type" value="0" />
  </properties>
  <testcase classname="speedith.core.util.SetsTest" name="testCompare" time="0.017" />
  <testcase classname="speedith.core.util.SetsTest" name="testCompare7" time="0.0" />
  <testcase classname="speedith.core.util.SetsTest" name="testCompare1" time="0.001" />
  <testcase classname="speedith.core.util.SetsTest" name="testCompare2" time="0.0" />
  <testcase classname="speedith.core.util.SetsTest" name="testCompare3" time="0.001" />
  <testcase classname="speedith.core.util.SetsTest" name="testCompare4" time="0.0" />
  <testcase classname="speedith.core.util.SetsTest" name="testCompare5" time="0.0" />
  <testcase classname="speedith.core.util.SetsTest" name="testCompareNaturally" time="0.0" />
  <testcase classname="speedith.core.util.SetsTest" name="testCompareNaturally1" time="0.001" />
  <testcase classname="speedith.core.util.SetsTest" name="testCompareNaturally2" time="0.0" />
  <testcase classname="speedith.core.util.SetsTest" name="testCompareNaturally3" time="0.0" />
  <testcase classname="speedith.core.util.SetsTest" name="testCompareNaturally4" time="0.0" />
  <testcase classname="speedith.core.util.SetsTest" name="testCompareNaturally5" time="0.001" />
  <testcase classname="speedith.core.util.SetsTest" name="testEqual" time="0.001" />
  <testcase classname="speedith.core.util.SetsTest" name="testEqual2" time="0.001" />
  <testcase classname="speedith.core.util.SetsTest" name="testEqual3" time="0.004" />
  <testcase classname="speedith.core.util.SetsTest" name="testEqual4" time="0.0" />
  <testcase classname="speedith.core.util.SetsTest" name="testEqual5" time="0.0" />
  <testcase classname="speedith.core.util.SetsTest" name="testEqual6" time="0.001" />
  <testcase classname="speedith.core.util.SetsTest" name="testEqual7" time="0.001" />
  <testcase classname="speedith.core.util.SetsTest" name="testEqual8" time="0.0" />
  <testcase classname="speedith.core.util.SetsTest" name="testEqual9" time="0.0" />
  <testcase classname="speedith.core.util.SetsTest" name="testEqual10" time="0.0" />
  <testcase classname="speedith.core.util.SetsTest" name="testEqual11" time="0.0" />
  <testcase classname="speedith.core.util.SetsTest" name="testEqual12" time="0.001" />
  <testcase classname="speedith.core.util.SetsTest" name="testEqual13" time="0.0" />
  <testcase classname="speedith.core.util.SetsTest" name="testIsSubset" time="0.0" />
  <testcase classname="speedith.core.util.SetsTest" name="testIsSubset2" time="0.003" />
  <testcase classname="speedith.core.util.SetsTest" name="testIsSubset3" time="0.0" />
  <testcase classname="speedith.core.util.SetsTest" name="testIsSubset4" time="0.001" />
  <testcase classname="speedith.core.util.SetsTest" name="testIsSubset5" time="0.0" />
  <testcase classname="speedith.core.util.SetsTest" name="testIsSubset6" time="0.0" />
  <testcase classname="speedith.core.util.SetsTest" name="testIsSubset7" time="0.0" />
  <testcase classname="speedith.core.util.SetsTest" name="testIsSubset8" time="0.0" />
  <testcase classname="speedith.core.util.SetsTest" name="testIsNaturalSubset" time="0.0" />
  <testcase classname="speedith.core.util.SetsTest" name="testIsNaturalSubset2" time="0.0" />
  <testcase classname="speedith.core.util.SetsTest" name="testIsNaturalSubset3" time="0.0" />
  <testcase classname="speedith.core.util.SetsTest" name="testIsNaturalSubset4" time="0.001" />
  <testcase classname="speedith.core.util.SetsTest" name="testIsNaturalSubset5" time="0.0" />
  <testcase classname="speedith.core.util.SetsTest" name="testIsNaturalSubset6" time="0.0" />
  <testcase classname="speedith.core.util.SetsTest" name="testIsNaturalSubset7" time="0.0" />
  <testcase classname="speedith.core.util.SetsTest" name="testIsNaturalSubset8" time="0.0" />
  <testcase classname="speedith.core.util.SetsTest" name="testDisjoint" time="0.001" />
  <testcase classname="speedith.core.util.SetsTest" name="testDisjoint2" time="0.0" />
  <testcase classname="speedith.core.util.SetsTest" name="testDisjoint3" time="0.0" />
  <testcase classname="speedith.core.util.SetsTest" name="testDisjoint4" time="0.001" />
  <testcase classname="speedith.core.util.SetsTest" name="testDisjoint5" time="0.0" />
  <testcase classname="speedith.core.util.SetsTest" name="testDisjoint6" time="0.0" />
  <testcase classname="speedith.core.util.SetsTest" name="testDisjoint7" time="0.0" />
  <testcase classname="speedith.core.util.SetsTest" name="testDisjoint8" time="0.0" />
  <testcase classname="speedith.core.util.SetsTest" name="testDisjoint9" time="0.001" />
  <testcase classname="speedith.core.util.SetsTest" name="testDisjoint10" time="0.0" />
  <testcase classname="speedith.core.util.SetsTest" name="testNaturallyDisjoint" time="0.0" />
  <testcase classname="speedith.core.util.SetsTest" name="testNaturallyDisjoint2" time="0.001" />
  <testcase classname="speedith.core.util.SetsTest" name="testNaturallyDisjoint3" time="0.001" />
  <testcase classname="speedith.core.util.SetsTest" name="testNaturallyDisjoint4" time="0.0" />
  <testcase classname="speedith.core.util.SetsTest" name="testNaturallyDisjoint5" time="0.0" />
  <testcase classname="speedith.core.util.SetsTest" name="testNaturallyDisjoint6" time="0.0" />
  <testcase classname="speedith.core.util.SetsTest" name="testNaturallyDisjoint7" time="0.0" />
  <testcase classname="speedith.core.util.SetsTest" name="testNaturallyDisjoint8" time="0.0" />
  <testcase classname="speedith.core.util.SetsTest" name="testNaturallyDisjoint9" time="0.0" />
  <testcase classname="speedith.core.util.SetsTest" name="testNaturallyDisjoint10" time="0.001" />
  <testcase classname="speedith.core.util.SetsTest" name="testNaturallyDisjoint11" time="0.01" />
  <testcase classname="speedith.core.util.SetsTest" name="testNaturallyDisjoint12" time="22.419" />
  <system-out><![CDATA[]]></system-out>
  <system-err><![CDATA[]]></system-err>
</testsuite>
